<?xml version="1.0" encoding="UTF-8"?>
<coverage generated="1719474226962" clover="3.2.0">
  <project timestamp="1719474226962" name="All files">
    <metrics statements="30" coveredstatements="28" conditionals="14" coveredconditionals="12" methods="2" coveredmethods="2" elements="46" coveredelements="42" complexity="0" loc="30" ncloc="30" packages="1" files="1" classes="1"/>
    <file name="rpn-calculator.js" path="C:\Users\houen\OneDrive\Bureau\Work\HETIC\Test-Unitaire\src\main\rpn-calculator.js">
      <metrics statements="30" coveredstatements="28" conditionals="14" coveredconditionals="12" methods="2" coveredmethods="2"/>
      <line num="1" count="1" type="stmt"/>
      <line num="2" count="6" type="stmt"/>
      <line num="3" count="6" type="stmt"/>
      <line num="5" count="6" type="stmt"/>
      <line num="6" count="29" type="cond" truecount="2" falsecount="0"/>
      <line num="7" count="19" type="stmt"/>
      <line num="8" count="10" type="cond" truecount="2" falsecount="0"/>
      <line num="9" count="7" type="stmt"/>
      <line num="10" count="7" type="stmt"/>
      <line num="12" count="7" type="cond" truecount="4" falsecount="0"/>
      <line num="14" count="3" type="stmt"/>
      <line num="15" count="3" type="stmt"/>
      <line num="17" count="1" type="stmt"/>
      <line num="18" count="1" type="stmt"/>
      <line num="20" count="2" type="stmt"/>
      <line num="21" count="2" type="stmt"/>
      <line num="23" count="1" type="stmt"/>
      <line num="24" count="1" type="stmt"/>
      <line num="26" count="7" type="stmt"/>
      <line num="27" count="3" type="cond" truecount="2" falsecount="0"/>
      <line num="28" count="1" type="stmt"/>
      <line num="29" count="1" type="stmt"/>
      <line num="30" count="2" type="cond" truecount="1" falsecount="1"/>
      <line num="31" count="2" type="stmt"/>
      <line num="32" count="2" type="stmt"/>
      <line num="33" count="2" type="stmt"/>
      <line num="35" count="0" type="stmt"/>
      <line num="39" count="6" type="cond" truecount="1" falsecount="1"/>
      <line num="40" count="0" type="stmt"/>
      <line num="43" count="6" type="stmt"/>
    </file>
  </project>
</coverage>
