{"C:\\Users\\houen\\OneDrive\\Bureau\\Work\\HETIC\\Test-Unitaire\\src\\main\\rpn-calculator.js": {"path":"C:\\Users\\houen\\OneDrive\\Bureau\\Work\\HETIC\\Test-Unitaire\\src\\main\\rpn-calculator.js","statementMap":{"0":{"start":{"line":1,"column":29},"end":{"line":44,"column":3}},"1":{"start":{"line":2,"column":21},"end":{"line":2,"column":42}},"2":{"start":{"line":3,"column":18},"end":{"line":3,"column":20}},"3":{"start":{"line":5,"column":4},"end":{"line":37,"column":7}},"4":{"start":{"line":6,"column":6},"end":{"line":36,"column":7}},"5":{"start":{"line":7,"column":8},"end":{"line":7,"column":40}},"6":{"start":{"line":8,"column":13},"end":{"line":36,"column":7}},"7":{"start":{"line":9,"column":21},"end":{"line":9,"column":32}},"8":{"start":{"line":10,"column":21},"end":{"line":10,"column":32}},"9":{"start":{"line":12,"column":8},"end":{"line":25,"column":9}},"10":{"start":{"line":14,"column":12},"end":{"line":14,"column":33}},"11":{"start":{"line":15,"column":12},"end":{"line":15,"column":18}},"12":{"start":{"line":17,"column":12},"end":{"line":17,"column":33}},"13":{"start":{"line":18,"column":12},"end":{"line":18,"column":18}},"14":{"start":{"line":20,"column":12},"end":{"line":20,"column":33}},"15":{"start":{"line":21,"column":12},"end":{"line":21,"column":18}},"16":{"start":{"line":23,"column":12},"end":{"line":23,"column":33}},"17":{"start":{"line":24,"column":12},"end":{"line":24,"column":18}},"18":{"start":{"line":26,"column":8},"end":{"line":26,"column":27}},"19":{"start":{"line":27,"column":13},"end":{"line":36,"column":7}},"20":{"start":{"line":28,"column":20},"end":{"line":28,"column":31}},"21":{"start":{"line":29,"column":8},"end":{"line":29,"column":35}},"22":{"start":{"line":30,"column":13},"end":{"line":36,"column":7}},"23":{"start":{"line":31,"column":23},"end":{"line":31,"column":41}},"24":{"start":{"line":32,"column":8},"end":{"line":32,"column":25}},"25":{"start":{"line":33,"column":8},"end":{"line":33,"column":27}},"26":{"start":{"line":35,"column":8},"end":{"line":35,"column":53}},"27":{"start":{"line":39,"column":4},"end":{"line":41,"column":5}},"28":{"start":{"line":40,"column":6},"end":{"line":40,"column":48}},"29":{"start":{"line":43,"column":4},"end":{"line":43,"column":20}}},"fnMap":{"0":{"name":"(anonymous_0)","decl":{"start":{"line":1,"column":29},"end":{"line":1,"column":30}},"loc":{"start":{"line":1,"column":45},"end":{"line":44,"column":3}},"line":1},"1":{"name":"(anonymous_1)","decl":{"start":{"line":5,"column":21},"end":{"line":5,"column":22}},"loc":{"start":{"line":5,"column":34},"end":{"line":37,"column":5}},"line":5}},"branchMap":{"0":{"loc":{"start":{"line":6,"column":6},"end":{"line":36,"column":7}},"type":"if","locations":[{"start":{"line":6,"column":6},"end":{"line":36,"column":7}},{"start":{"line":8,"column":13},"end":{"line":36,"column":7}}],"line":6},"1":{"loc":{"start":{"line":8,"column":13},"end":{"line":36,"column":7}},"type":"if","locations":[{"start":{"line":8,"column":13},"end":{"line":36,"column":7}},{"start":{"line":27,"column":13},"end":{"line":36,"column":7}}],"line":8},"2":{"loc":{"start":{"line":12,"column":8},"end":{"line":25,"column":9}},"type":"switch","locations":[{"start":{"line":13,"column":10},"end":{"line":15,"column":18}},{"start":{"line":16,"column":10},"end":{"line":18,"column":18}},{"start":{"line":19,"column":10},"end":{"line":21,"column":18}},{"start":{"line":22,"column":10},"end":{"line":24,"column":18}}],"line":12},"3":{"loc":{"start":{"line":27,"column":13},"end":{"line":36,"column":7}},"type":"if","locations":[{"start":{"line":27,"column":13},"end":{"line":36,"column":7}},{"start":{"line":30,"column":13},"end":{"line":36,"column":7}}],"line":27},"4":{"loc":{"start":{"line":30,"column":13},"end":{"line":36,"column":7}},"type":"if","locations":[{"start":{"line":30,"column":13},"end":{"line":36,"column":7}},{"start":{"line":34,"column":13},"end":{"line":36,"column":7}}],"line":30},"5":{"loc":{"start":{"line":39,"column":4},"end":{"line":41,"column":5}},"type":"if","locations":[{"start":{"line":39,"column":4},"end":{"line":41,"column":5}},{"start":{},"end":{}}],"line":39}},"s":{"0":1,"1":6,"2":6,"3":6,"4":29,"5":19,"6":10,"7":7,"8":7,"9":7,"10":3,"11":3,"12":1,"13":1,"14":2,"15":2,"16":1,"17":1,"18":7,"19":3,"20":1,"21":1,"22":2,"23":2,"24":2,"25":2,"26":0,"27":6,"28":0,"29":6},"f":{"0":6,"1":29},"b":{"0":[19,10],"1":[7,3],"2":[3,1,2,1],"3":[1,2],"4":[2,0],"5":[0,6]},"_coverageSchema":"1a1c01bbd47fc00a2c39e90264f33305004495a9","hash":"366b493b48eba3ee6f8d6d2193bea1661af8eec7"}
}
