TN:
SF:src\main\rpn-calculator.js
FN:1,(anonymous_0)
FN:5,(anonymous_1)
FNF:2
FNH:2
FNDA:6,(anonymous_0)
FNDA:29,(anonymous_1)
DA:1,1
DA:2,6
DA:3,6
DA:5,6
DA:6,29
DA:7,19
DA:8,10
DA:9,7
DA:10,7
DA:12,7
DA:14,3
DA:15,3
DA:17,1
DA:18,1
DA:20,2
DA:21,2
DA:23,1
DA:24,1
DA:26,7
DA:27,3
DA:28,1
DA:29,1
DA:30,2
DA:31,2
DA:32,2
DA:33,2
DA:35,0
DA:39,6
DA:40,0
DA:43,6
LF:30
LH:28
BRDA:6,0,0,19
BRDA:6,0,1,10
BRDA:8,1,0,7
BRDA:8,1,1,3
BRDA:12,2,0,3
BRDA:12,2,1,1
BRDA:12,2,2,2
BRDA:12,2,3,1
BRDA:27,3,0,1
BRDA:27,3,1,2
BRDA:30,4,0,2
BRDA:30,4,1,0
BRDA:39,5,0,0
BRDA:39,5,1,6
BRF:14
BRH:12
end_of_record
